<?xml version="1.0" encoding="UTF-8"?>
<coverage generated="1617563448368" clover="3.2.0">
  <project timestamp="1617563448368" name="All files">
    <metrics statements="43" coveredstatements="42" conditionals="12" coveredconditionals="10" methods="10" coveredmethods="10" elements="65" coveredelements="62" complexity="0" loc="43" ncloc="43" packages="1" files="1" classes="1"/>
    <file name="index.ts" path="/Users/andriccokaroulla/Documents/Coding/dag/src/index.ts">
      <metrics statements="43" coveredstatements="42" conditionals="12" coveredconditionals="10" methods="10" coveredmethods="10"/>
      <line num="20" count="4" type="stmt"/>
      <line num="21" count="4" type="stmt"/>
      <line num="24" count="4" type="stmt"/>
      <line num="25" count="93" type="cond" truecount="2" falsecount="0"/>
      <line num="26" count="61" type="stmt"/>
      <line num="29" count="32" type="stmt"/>
      <line num="35" count="32" type="stmt"/>
      <line num="36" count="32" type="stmt"/>
      <line num="37" count="32" type="stmt"/>
      <line num="40" count="4" type="stmt"/>
      <line num="41" count="4" type="stmt"/>
      <line num="42" count="4" type="stmt"/>
      <line num="45" count="4" type="stmt"/>
      <line num="46" count="30" type="cond" truecount="1" falsecount="1"/>
      <line num="48" count="30" type="stmt"/>
      <line num="49" count="30" type="stmt"/>
      <line num="51" count="30" type="cond" truecount="2" falsecount="0"/>
      <line num="52" count="1" type="stmt"/>
      <line num="56" count="53" type="cond" truecount="2" falsecount="0"/>
      <line num="57" count="1" type="stmt"/>
      <line num="63" count="29" type="stmt"/>
      <line num="65" count="28" type="stmt"/>
      <line num="66" count="28" type="stmt"/>
      <line num="69" count="4" type="stmt"/>
      <line num="70" count="4" type="stmt"/>
      <line num="71" count="24" type="stmt"/>
      <line num="72" count="28" type="stmt"/>
      <line num="76" count="4" type="stmt"/>
      <line num="79" count="4" type="stmt"/>
      <line num="85" count="54" type="stmt"/>
      <line num="86" count="54" type="stmt"/>
      <line num="88" count="54" type="stmt"/>
      <line num="89" count="25" type="stmt"/>
      <line num="93" count="54" type="stmt"/>
      <line num="95" count="54" type="cond" truecount="1" falsecount="1"/>
      <line num="96" count="0" type="stmt"/>
      <line num="99" count="54" type="stmt"/>
      <line num="100" count="54" type="stmt"/>
      <line num="102" count="54" type="stmt"/>
      <line num="103" count="25" type="stmt"/>
      <line num="106" count="53" type="stmt"/>
      <line num="107" count="52" type="stmt"/>
      <line num="111" count="1" type="stmt"/>
    </file>
  </project>
</coverage>
