{"/Users/andriccokaroulla/Documents/Coding/dag/src/index.ts": {"path":"/Users/andriccokaroulla/Documents/Coding/dag/src/index.ts","statementMap":{"0":{"start":{"line":24,"column":2},"end":{"line":38,"column":4}},"1":{"start":{"line":25,"column":4},"end":{"line":27,"column":null}},"2":{"start":{"line":26,"column":6},"end":{"line":26,"column":30}},"3":{"start":{"line":29,"column":23},"end":{"line":33,"column":6}},"4":{"start":{"line":35,"column":4},"end":{"line":35,"column":28}},"5":{"start":{"line":36,"column":4},"end":{"line":36,"column":26}},"6":{"start":{"line":37,"column":4},"end":{"line":37,"column":16}},"7":{"start":{"line":40,"column":2},"end":{"line":43,"column":4}},"8":{"start":{"line":41,"column":16},"end":{"line":41,"column":39}},"9":{"start":{"line":42,"column":4},"end":{"line":42,"column":15}},"10":{"start":{"line":45,"column":2},"end":{"line":67,"column":4}},"11":{"start":{"line":46,"column":4},"end":{"line":46,"column":41}},"12":{"start":{"line":46,"column":29},"end":{"line":46,"column":41}},"13":{"start":{"line":48,"column":15},"end":{"line":48,"column":35}},"14":{"start":{"line":49,"column":17},"end":{"line":49,"column":39}},"15":{"start":{"line":51,"column":4},"end":{"line":53,"column":null}},"16":{"start":{"line":52,"column":6},"end":{"line":52,"column":18}},"17":{"start":{"line":56,"column":6},"end":{"line":60,"column":null}},"18":{"start":{"line":57,"column":8},"end":{"line":59,"column":10}},"19":{"start":{"line":63,"column":4},"end":{"line":63,"column":33}},"20":{"start":{"line":65,"column":4},"end":{"line":65,"column":36}},"21":{"start":{"line":66,"column":4},"end":{"line":66,"column":28}},"22":{"start":{"line":69,"column":2},"end":{"line":77,"column":4}},"23":{"start":{"line":70,"column":16},"end":{"line":74,"column":6}},"24":{"start":{"line":71,"column":6},"end":{"line":73,"column":9}},"25":{"start":{"line":72,"column":8},"end":{"line":72,"column":46}},"26":{"start":{"line":76,"column":4},"end":{"line":76,"column":15}},"27":{"start":{"line":79,"column":2},"end":{"line":108,"column":4}},"28":{"start":{"line":85,"column":17},"end":{"line":85,"column":26}},"29":{"start":{"line":86,"column":18},"end":{"line":86,"column":36}},"30":{"start":{"line":88,"column":25},"end":{"line":90,"column":null}},"31":{"start":{"line":89,"column":21},"end":{"line":89,"column":59}},"32":{"start":{"line":93,"column":16},"end":{"line":93,"column":28}},"33":{"start":{"line":95,"column":4},"end":{"line":97,"column":null}},"34":{"start":{"line":96,"column":6},"end":{"line":96,"column":13}},"35":{"start":{"line":99,"column":4},"end":{"line":99,"column":20}},"36":{"start":{"line":100,"column":4},"end":{"line":100,"column":25}},"37":{"start":{"line":102,"column":4},"end":{"line":104,"column":null}},"38":{"start":{"line":102,"column":17},"end":{"line":102,"column":18}},"39":{"start":{"line":103,"column":6},"end":{"line":103,"column":53}},"40":{"start":{"line":106,"column":4},"end":{"line":106,"column":19}},"41":{"start":{"line":107,"column":4},"end":{"line":107,"column":15}},"42":{"start":{"line":20,"column":4},"end":{"line":20,"column":20}},"43":{"start":{"line":21,"column":4},"end":{"line":21,"column":20}},"44":{"start":{"line":111,"column":0},"end":{"line":111,"column":19}}},"fnMap":{"0":{"name":"(anonymous_0)","decl":{"start":{"line":19,"column":2},"end":{"line":19,"column":null}},"loc":{"start":{"line":19,"column":2},"end":{"line":22,"column":3}}},"1":{"name":"(anonymous_1)","decl":{"start":{"line":24,"column":12},"end":{"line":24,"column":13}},"loc":{"start":{"line":24,"column":29},"end":{"line":38,"column":3}}},"2":{"name":"(anonymous_2)","decl":{"start":{"line":40,"column":13},"end":{"line":40,"column":14}},"loc":{"start":{"line":40,"column":33},"end":{"line":43,"column":3}}},"3":{"name":"(anonymous_3)","decl":{"start":{"line":45,"column":12},"end":{"line":45,"column":13}},"loc":{"start":{"line":45,"column":49},"end":{"line":67,"column":3}}},"4":{"name":"checkCycle","decl":{"start":{"line":55,"column":13},"end":{"line":55,"column":23}},"loc":{"start":{"line":55,"column":50},"end":{"line":61,"column":5}}},"5":{"name":"(anonymous_5)","decl":{"start":{"line":69,"column":13},"end":{"line":69,"column":14}},"loc":{"start":{"line":69,"column":36},"end":{"line":77,"column":3}}},"6":{"name":"(anonymous_6)","decl":{"start":{"line":70,"column":26},"end":{"line":70,"column":27}},"loc":{"start":{"line":70,"column":52},"end":{"line":74,"column":5}}},"7":{"name":"(anonymous_7)","decl":{"start":{"line":71,"column":27},"end":{"line":71,"column":28}},"loc":{"start":{"line":71,"column":40},"end":{"line":73,"column":7}}},"8":{"name":"(anonymous_8)","decl":{"start":{"line":79,"column":10},"end":{"line":79,"column":null}},"loc":{"start":{"line":84,"column":6},"end":{"line":108,"column":3}}},"9":{"name":"(anonymous_9)","decl":{"start":{"line":89,"column":6},"end":{"line":89,"column":7}},"loc":{"start":{"line":89,"column":21},"end":{"line":89,"column":59}}}},"branchMap":{"0":{"loc":{"start":{"line":25,"column":4},"end":{"line":27,"column":null}},"type":"if","locations":[{"start":{"line":25,"column":4},"end":{"line":27,"column":null}},{"start":{"line":25,"column":4},"end":{"line":27,"column":null}}]},"1":{"loc":{"start":{"line":46,"column":4},"end":{"line":46,"column":41}},"type":"if","locations":[{"start":{"line":46,"column":4},"end":{"line":46,"column":41}},{"start":{"line":46,"column":4},"end":{"line":46,"column":41}}]},"2":{"loc":{"start":{"line":51,"column":4},"end":{"line":53,"column":null}},"type":"if","locations":[{"start":{"line":51,"column":4},"end":{"line":53,"column":null}},{"start":{"line":51,"column":4},"end":{"line":53,"column":null}}]},"3":{"loc":{"start":{"line":56,"column":6},"end":{"line":60,"column":null}},"type":"if","locations":[{"start":{"line":56,"column":6},"end":{"line":60,"column":null}},{"start":{"line":56,"column":6},"end":{"line":60,"column":null}}]},"4":{"loc":{"start":{"line":82,"column":39},"end":{"line":82,"column":41}},"type":"default-arg","locations":[{"start":{"line":82,"column":39},"end":{"line":82,"column":41}}]},"5":{"loc":{"start":{"line":83,"column":21},"end":{"line":83,"column":23}},"type":"default-arg","locations":[{"start":{"line":83,"column":21},"end":{"line":83,"column":23}}]},"6":{"loc":{"start":{"line":95,"column":4},"end":{"line":97,"column":null}},"type":"if","locations":[{"start":{"line":95,"column":4},"end":{"line":97,"column":null}},{"start":{"line":95,"column":4},"end":{"line":97,"column":null}}]}},"s":{"0":4,"1":93,"2":61,"3":32,"4":32,"5":32,"6":32,"7":4,"8":4,"9":4,"10":4,"11":30,"12":0,"13":30,"14":30,"15":30,"16":1,"17":53,"18":1,"19":29,"20":28,"21":28,"22":4,"23":4,"24":24,"25":28,"26":4,"27":4,"28":54,"29":54,"30":54,"31":25,"32":54,"33":54,"34":0,"35":54,"36":54,"37":54,"38":54,"39":25,"40":53,"41":52,"42":4,"43":4,"44":1},"f":{"0":4,"1":93,"2":4,"3":30,"4":53,"5":4,"6":24,"7":28,"8":54,"9":25},"b":{"0":[61,32],"1":[0,30],"2":[1,29],"3":[1,52],"4":[29],"5":[29],"6":[0,54]}}
}
