TN:
SF:src/index.ts
FN:19,(anonymous_0)
FN:24,(anonymous_1)
FN:40,(anonymous_2)
FN:45,(anonymous_3)
FN:55,checkCycle
FN:69,(anonymous_5)
FN:70,(anonymous_6)
FN:71,(anonymous_7)
FN:79,(anonymous_8)
FN:89,(anonymous_9)
FNF:10
FNH:10
FNDA:4,(anonymous_0)
FNDA:93,(anonymous_1)
FNDA:4,(anonymous_2)
FNDA:30,(anonymous_3)
FNDA:53,checkCycle
FNDA:4,(anonymous_5)
FNDA:24,(anonymous_6)
FNDA:28,(anonymous_7)
FNDA:54,(anonymous_8)
FNDA:25,(anonymous_9)
DA:20,4
DA:21,4
DA:24,4
DA:25,93
DA:26,61
DA:29,32
DA:35,32
DA:36,32
DA:37,32
DA:40,4
DA:41,4
DA:42,4
DA:45,4
DA:46,30
DA:48,30
DA:49,30
DA:51,30
DA:52,1
DA:56,53
DA:57,1
DA:63,29
DA:65,28
DA:66,28
DA:69,4
DA:70,4
DA:71,24
DA:72,28
DA:76,4
DA:79,4
DA:85,54
DA:86,54
DA:88,54
DA:89,25
DA:93,54
DA:95,54
DA:96,0
DA:99,54
DA:100,54
DA:102,54
DA:103,25
DA:106,53
DA:107,52
DA:111,1
LF:43
LH:42
BRDA:25,0,0,61
BRDA:25,0,1,32
BRDA:46,1,0,0
BRDA:46,1,1,30
BRDA:51,2,0,1
BRDA:51,2,1,29
BRDA:56,3,0,1
BRDA:56,3,1,52
BRDA:82,4,0,29
BRDA:83,5,0,29
BRDA:95,6,0,0
BRDA:95,6,1,54
BRF:12
BRH:10
end_of_record
